<?xml version="1.0" encoding="UTF-8"?>
<!-- Generated by org.testng.reporters.JUnitXMLReporter -->
<testsuite ignored="0" hostname="DESKTOP-FNI0RQV" failures="0" tests="4" name="Default test" time="4.718" errors="0" timestamp="2025-01-21T17:31:30 EST">
  <testcase classname="com.KodaCara.qa.base.TestBase" name="initialization" time="4.273"/>
  <testcase classname="com.KodaCars.qa.testcases.LoginPageTest" name="loginPageTileTest" time="0.029"/>
  <testcase classname="com.KodaCars.qa.testcases.LoginPageTest" name="loginPageLogoTest" time="0.057"/>
  <testcase classname="com.KodaCars.qa.testcases.LoginPageTest" name="logintest" time="0.313"/>
</testsuite> <!-- Default test -->
