<?xml version="1.0" encoding="UTF-8"?>
<!-- Generated by org.testng.reporters.JUnitXMLReporter -->
<testsuite ignored="1" hostname="DESKTOP-FNI0RQV" failures="4" tests="9" name="Test" time="10.901" errors="0" timestamp="2025-01-21T17:28:16 EST">
  <testcase classname="com.KodaCara.qa.base.TestBase" name="initialization" time="4.834"/>
  <testcase classname="com.KodaCars.qa.testcases.LoginPageTest" name="loginPageTileTest" time="0.02"/>
  <testcase classname="com.KodaCars.qa.testcases.LoginPageTest" name="loginPageLogoTest" time="0.037"/>
  <testcase classname="com.KodaCars.qa.testcases.LoginPageTest" name="logintest" time="0.295"/>
  <testcase classname="com.KodaCara.qa.base.TestBase" name="initialization" time="5.63"/>
  <testcase classname="com.KodaCars.qa.testcases.LoginPageTest" name="loginPageTileTest" time="0.001">
    <failure type="java.lang.NullPointerException" message="Cannot invoke &amp;quot;com.KodaCars.qa.pages.LoginPage.validateLoginPagetitle()&amp;quot; because &amp;quot;this.loginpage&amp;quot; is null">
      <![CDATA[java.lang.NullPointerException: Cannot invoke "com.KodaCars.qa.pages.LoginPage.validateLoginPagetitle()" because "this.loginpage" is null
at com.KodaCars.qa.testcases.LoginPageTest.loginPageTileTest(LoginPageTest.java:31)
at java.base/java.util.ArrayList.forEach(ArrayList.java:1511)
... Removed 27 stack frames]]>
    </failure>
  </testcase> <!-- loginPageTileTest -->
  <testcase classname="com.KodaCars.qa.testcases.LoginPageTest" name="loginPageLogoTest" time="0.006">
    <failure type="java.lang.NullPointerException" message="Cannot invoke &amp;quot;com.KodaCars.qa.pages.LoginPage.validateKodaCarsLogo()&amp;quot; because &amp;quot;this.loginpage&amp;quot; is null">
      <![CDATA[java.lang.NullPointerException: Cannot invoke "com.KodaCars.qa.pages.LoginPage.validateKodaCarsLogo()" because "this.loginpage" is null
at com.KodaCars.qa.testcases.LoginPageTest.loginPageLogoTest(LoginPageTest.java:36)
at java.base/java.util.ArrayList.forEach(ArrayList.java:1511)
... Removed 27 stack frames]]>
    </failure>
  </testcase> <!-- loginPageLogoTest -->
  <testcase classname="com.KodaCars.qa.testcases.LoginPageTest" name="logintest" time="0.001">
    <failure type="java.lang.NullPointerException" message="Cannot invoke &amp;quot;com.KodaCars.qa.pages.LoginPage.login(String, String)&amp;quot; because &amp;quot;this.loginpage&amp;quot; is null">
      <![CDATA[java.lang.NullPointerException: Cannot invoke "com.KodaCars.qa.pages.LoginPage.login(String, String)" because "this.loginpage" is null
at com.KodaCars.qa.testcases.LoginPageTest.logintest(LoginPageTest.java:41)
at java.base/java.util.ArrayList.forEach(ArrayList.java:1511)
... Removed 27 stack frames]]>
    </failure>
  </testcase> <!-- logintest -->
  <testcase classname="com.KodaCars.qa.testcases.DashboardTest" name="AddReservation_btn" time="0.009">
    <failure type="java.lang.NullPointerException" message="Cannot invoke &amp;quot;com.KodaCars.qa.pages.DashboardPage.clickaddreservation()&amp;quot; because &amp;quot;this.dashboardpg&amp;quot; is null">
      <![CDATA[java.lang.NullPointerException: Cannot invoke "com.KodaCars.qa.pages.DashboardPage.clickaddreservation()" because "this.dashboardpg" is null
at com.KodaCars.qa.testcases.DashboardTest.AddReservation_btn(DashboardTest.java:20)
at java.base/java.util.ArrayList.forEach(ArrayList.java:1511)
... Removed 27 stack frames]]>
    </failure>
  </testcase> <!-- AddReservation_btn -->
  <testcase classname="com.KodaCars.qa.testcases.LoginPageTest" name="@BeforeSuite setup" time="0.0">
    <ignored/>
  </testcase> <!-- @BeforeSuite setup -->
</testsuite> <!-- Test -->
