<?xml version="1.0" encoding="UTF-8"?>
<testng-results ignored="0" total="2" passed="2" failed="0" skipped="0">
  <reporter-output>
  </reporter-output>
  <suite started-at="2025-01-29T21:21:31 EST" name="Default suite" finished-at="2025-01-29T21:22:07 EST" duration-ms="35527">
    <groups>
    </groups>
    <test started-at="2025-01-29T21:21:31 EST" name="Default test" finished-at="2025-01-29T21:22:07 EST" duration-ms="35527">
      <class name="com.KodaCars.qa.testcases.VehicleDetailsTest">
        <test-method is-config="true" signature="setup()[pri:0, instance:com.KodaCars.qa.testcases.VehicleDetailsTest@3d6f0054]" started-at="2025-01-29T21:21:31 EST" name="setup" finished-at="2025-01-29T21:21:46 EST" duration-ms="14908" status="PASS">
          <reporter-output>
          </reporter-output>
        </test-method> <!-- setup -->
        <test-method signature="initialization()[pri:0, instance:com.KodaCars.qa.testcases.VehicleDetailsTest@3d6f0054]" started-at="2025-01-29T21:21:46 EST" name="initialization" finished-at="2025-01-29T21:21:51 EST" duration-ms="4608" status="PASS">
          <reporter-output>
          </reporter-output>
        </test-method> <!-- initialization -->
        <test-method is-config="true" signature="setup()[pri:0, instance:com.KodaCars.qa.testcases.VehicleDetailsTest@3d6f0054]" started-at="2025-01-29T21:21:51 EST" name="setup" finished-at="2025-01-29T21:22:04 EST" duration-ms="13254" status="PASS">
          <reporter-output>
          </reporter-output>
        </test-method> <!-- setup -->
        <test-method signature="EnterVehicleDetails()[pri:0, instance:com.KodaCars.qa.testcases.VehicleDetailsTest@3d6f0054]" started-at="2025-01-29T21:22:04 EST" name="EnterVehicleDetails" finished-at="2025-01-29T21:22:07 EST" duration-ms="2714" status="PASS">
          <reporter-output>
          </reporter-output>
        </test-method> <!-- EnterVehicleDetails -->
      </class> <!-- com.KodaCars.qa.testcases.VehicleDetailsTest -->
    </test> <!-- Default test -->
  </suite> <!-- Default suite -->
</testng-results>
