<?xml version="1.0" encoding="UTF-8"?>
<!-- Generated by org.testng.reporters.JUnitXMLReporter -->
<testsuite ignored="0" hostname="DESKTOP-FNI0RQV" failures="0" tests="4" name="Default test" time="18.063" errors="0" timestamp="2025-03-05T16:21:10 EST">
  <testcase classname="com.KodaCara.qa.base.TestBase" name="initialization" time="2.084"/>
  <testcase classname="com.KodaCars.qa.testcases.LoginPageTest" name="loginPageTileTest" time="2.801"/>
  <testcase classname="com.KodaCars.qa.testcases.LoginPageTest" name="loginPageLogoTest" time="0.074"/>
  <testcase classname="com.KodaCars.qa.testcases.LoginPageTest" name="logintest" time="0.491"/>
</testsuite> <!-- Default test -->
