<?xml version="1.0" encoding="UTF-8"?>
<!-- Generated by org.testng.reporters.JUnitXMLReporter -->
<testsuite ignored="0" hostname="DESKTOP-FNI0RQV" failures="0" tests="9" name="Test" time="128.935" errors="0" timestamp="2025-03-05T23:12:22 EST">
  <testcase classname="com.KodaCars.qa.base.TestBase" name="initialization" time="6.113"/>
  <testcase classname="com.KodaCars.qa.testcases.LoginPageTest" name="loginPageTileTest" time="1.171"/>
  <testcase classname="com.KodaCars.qa.testcases.LoginPageTest" name="loginPageLogoTest" time="0.083"/>
  <testcase classname="com.KodaCars.qa.testcases.LoginPageTest" name="logintest" time="0.792"/>
  <testcase classname="com.KodaCars.qa.testcases.AddReservationPageTest" name="Reservation" time="9.552"/>
  <testcase classname="com.KodaCars.qa.base.TestBase" name="initialization" time="2.165"/>
  <testcase classname="com.KodaCars.qa.base.TestBase" name="initialization" time="13.915"/>
  <testcase classname="com.KodaCars.qa.testcases.VehicleDetailsTest" name="EnterVehicleDetails" time="2.613"/>
  <testcase classname="com.KodaCars.qa.base.TestBase" name="initialization" time="5.681"/>
</testsuite> <!-- Test -->
