<?xml version="1.0" encoding="UTF-8"?>
<testng-results ignored="0" total="4" passed="4" failed="0" skipped="0">
  <reporter-output>
  </reporter-output>
  <suite started-at="2025-01-21T17:31:26 EST" name="Default suite" finished-at="2025-01-21T17:31:30 EST" duration-ms="4718">
    <groups>
    </groups>
    <test started-at="2025-01-21T17:31:26 EST" name="Default test" finished-at="2025-01-21T17:31:30 EST" duration-ms="4718">
      <class name="com.KodaCars.qa.testcases.LoginPageTest">
        <test-method is-config="true" signature="setup()[pri:0, instance:com.KodaCars.qa.testcases.LoginPageTest@1de76cc7]" started-at="2025-01-21T17:31:19 EST" name="setup" finished-at="2025-01-21T17:31:26 EST" duration-ms="6020" status="PASS">
          <reporter-output>
          </reporter-output>
        </test-method> <!-- setup -->
        <test-method signature="initialization()[pri:0, instance:com.KodaCars.qa.testcases.LoginPageTest@1de76cc7]" started-at="2025-01-21T17:31:26 EST" name="initialization" finished-at="2025-01-21T17:31:30 EST" duration-ms="4273" status="PASS">
          <reporter-output>
          </reporter-output>
        </test-method> <!-- initialization -->
        <test-method signature="loginPageTileTest()[pri:1, instance:com.KodaCars.qa.testcases.LoginPageTest@1de76cc7]" started-at="2025-01-21T17:31:30 EST" name="loginPageTileTest" finished-at="2025-01-21T17:31:30 EST" duration-ms="29" status="PASS">
          <reporter-output>
          </reporter-output>
        </test-method> <!-- loginPageTileTest -->
        <test-method signature="loginPageLogoTest()[pri:2, instance:com.KodaCars.qa.testcases.LoginPageTest@1de76cc7]" started-at="2025-01-21T17:31:30 EST" name="loginPageLogoTest" finished-at="2025-01-21T17:31:30 EST" duration-ms="57" status="PASS">
          <reporter-output>
          </reporter-output>
        </test-method> <!-- loginPageLogoTest -->
        <test-method signature="logintest()[pri:3, instance:com.KodaCars.qa.testcases.LoginPageTest@1de76cc7]" started-at="2025-01-21T17:31:30 EST" name="logintest" finished-at="2025-01-21T17:31:30 EST" duration-ms="313" status="PASS">
          <reporter-output>
          </reporter-output>
        </test-method> <!-- logintest -->
      </class> <!-- com.KodaCars.qa.testcases.LoginPageTest -->
    </test> <!-- Default test -->
  </suite> <!-- Default suite -->
</testng-results>
